#
# There is insufficient memory for the Java Runtime Environment to continue.
# Native memory allocation (mmap) failed to map 268435456 bytes for Failed to commit area from 0x0000000701e00000 to 0x0000000711e00000 of length 268435456.
# Possible reasons:
#   The system is out of physical RAM or swap space
#   The process is running with CompressedOops enabled, and the Java Heap may be blocking the growth of the native heap
# Possible solutions:
#   Reduce memory load on the system
#   Increase physical memory or swap space
#   Check if swap backing store is full
#   Decrease Java heap size (-Xmx/-Xms)
#   Decrease number of Java threads
#   Decrease Java thread stack sizes (-Xss)
#   Set larger code cache with -XX:ReservedCodeCacheSize=
# This output file may be truncated or incomplete.
#
#  Out of Memory Error (./open/src/hotspot/os/windows/os_windows.cpp:3273), pid=3472, tid=19384
#
# JRE version:  (11.0.10+8) (build )
# Java VM: Java HotSpot(TM) 64-Bit Server VM (11.0.10+8-LTS-162, mixed mode, sharing, tiered, compressed oops, g1 gc, windows-amd64)
# No core dump will be written. Minidumps are not enabled by default on client versions of Windows
#

---------------  S U M M A R Y ------------

Command Line: -XX:TieredStopAtLevel=1 -Xverify:none -Dspring.output.ansi.enabled=always -javaagent:C:\Program Files\JetBrains\IntelliJ IDEA 2020.3\lib\idea_rt.jar=50290:C:\Program Files\JetBrains\IntelliJ IDEA 2020.3\bin -Dcom.sun.management.jmxremote -Dspring.jmx.enabled=true -Dspring.liveBeansView.mbeanDomain -Dspring.application.admin.enabled=true -Dfile.encoding=UTF-8 com.id.gateway.GatewayApplication

Host: Intel(R) Core(TM) i7-7700 CPU @ 3.60GHz, 8 cores, 15G,  Windows 10 , 64 bit Build 19041 (10.0.19041.1889)
Time: Wed Oct  5 09:12:47 2022 Afr. centrale Ouest elapsed time: 0.014838 seconds (0d 0h 0m 0s)

---------------  T H R E A D  ---------------

Current thread (0x00000198d12e1000):  JavaThread "Unknown thread" [_thread_in_vm, id=19384, stack(0x00000076ef900000,0x00000076efa00000)]

Stack: [0x00000076ef900000,0x00000076efa00000]
Native frames: (J=compiled Java code, j=interpreted, Vv=VM code, C=native code)
V  [jvm.dll+0x613e6a]
V  [jvm.dll+0x74c1ff]
V  [jvm.dll+0x74d885]
V  [jvm.dll+0x74df03]
V  [jvm.dll+0x243b78]
V  [jvm.dll+0x61125a]
V  [jvm.dll+0x606165]
V  [jvm.dll+0x2f85fc]
V  [jvm.dll+0x2f8482]
V  [jvm.dll+0x2fd136]
V  [jvm.dll+0x33f6bf]
V  [jvm.dll+0x33f0f0]
V  [jvm.dll+0x2d5d08]
V  [jvm.dll+0x2d6e66]
V  [jvm.dll+0x727d17]
V  [jvm.dll+0x7295bf]
V  [jvm.dll+0x34c4a9]
V  [jvm.dll+0x70d6b0]
V  [jvm.dll+0x3b584f]
V  [jvm.dll+0x3b7951]
C  [jli.dll+0x520b]
C  [ucrtbase.dll+0x21bb2]
C  [KERNEL32.DLL+0x17034]
C  [ntdll.dll+0x526a1]


---------------  P R O C E S S  ---------------

Threads class SMR info:
_java_thread_list=0x00000198cf121b00, length=0, elements={
}

Java Threads: ( => current thread )

Other Threads:
  0x00000198d12f8000 GCTaskThread "GC Thread#0" [stack: 0x00000076efa00000,0x00000076efb00000] [id=400]
  0x00000198d1354800 ConcurrentGCThread "G1 Main Marker" [stack: 0x00000076efb00000,0x00000076efc00000] [id=20980]
  0x00000198d1355800 ConcurrentGCThread "G1 Conc#0" [stack: 0x00000076efc00000,0x00000076efd00000] [id=10500]

[error occurred during error reporting (printing all threads), id 0xc0000005, EXCEPTION_ACCESS_VIOLATION (0xc0000005) at pc=0x00007ffae31f4f57]

VM state:not at safepoint (not fully initialized)

VM Mutex/Monitor currently owned by a thread:  ([mutex/lock_event])
[0x00000198d12de3d0] Heap_lock - owner thread: 0x00000198d12e1000

Heap address: 0x0000000701e00000, size: 4066 MB, Compressed Oops mode: Non-zero based: 0x0000000701e00000
Narrow klass base: 0x0000000000000000, Narrow klass shift: 0

GC Heap History (0 events):
No events

Deoptimization events (0 events):
No events

Classes redefined (0 events):
No events

Internal exceptions (0 events):
No events

Events (0 events):
No events


Dynamic libraries:
0x00007ff66c4b0000 - 0x00007ff66c4bf000 	C:\Program Files\Java\jdk-11.0.10\bin\java.exe
0x00007ffb77810000 - 0x00007ffb77a08000 	C:\WINDOWS\SYSTEM32\ntdll.dll
0x00007ffb6c5b0000 - 0x00007ffb6c5c7000 	C:\Program Files\Avast Software\Avast\aswhook.dll
0x00007ffb76870000 - 0x00007ffb7692d000 	C:\WINDOWS\System32\KERNEL32.DLL
0x00007ffb74f30000 - 0x00007ffb751fe000 	C:\WINDOWS\System32\KERNELBASE.dll
0x00007ffb75230000 - 0x00007ffb75330000 	C:\WINDOWS\System32\ucrtbase.dll
0x00007ffb5e510000 - 0x00007ffb5e528000 	C:\Program Files\Java\jdk-11.0.10\bin\jli.dll
0x00007ffb5e9a0000 - 0x00007ffb5e9b5000 	C:\Program Files\Java\jdk-11.0.10\bin\VCRUNTIME140.dll
0x00007ffb765a0000 - 0x00007ffb7664e000 	C:\WINDOWS\System32\ADVAPI32.dll
0x00007ffb77110000 - 0x00007ffb771ae000 	C:\WINDOWS\System32\msvcrt.dll
0x00007ffb76a00000 - 0x00007ffb76a9c000 	C:\WINDOWS\System32\sechost.dll
0x00007ffb77210000 - 0x00007ffb77335000 	C:\WINDOWS\System32\RPCRT4.dll
0x00007ffb75870000 - 0x00007ffb75a10000 	C:\WINDOWS\System32\USER32.dll
0x00007ffb75200000 - 0x00007ffb75222000 	C:\WINDOWS\System32\win32u.dll
0x00007ffb5d450000 - 0x00007ffb5d6ea000 	C:\WINDOWS\WinSxS\amd64_microsoft.windows.common-controls_6595b64144ccf1df_6.0.19041.1110_none_60b5254171f9507e\COMCTL32.dll
0x00007ffb764a0000 - 0x00007ffb764ca000 	C:\WINDOWS\System32\GDI32.dll
0x00007ffb754c0000 - 0x00007ffb755cb000 	C:\WINDOWS\System32\gdi32full.dll
0x00007ffb75380000 - 0x00007ffb7541d000 	C:\WINDOWS\System32\msvcp_win.dll
0x00007ffb6f300000 - 0x00007ffb6f30a000 	C:\WINDOWS\SYSTEM32\VERSION.dll
0x00007ffb76fc0000 - 0x00007ffb76ff0000 	C:\WINDOWS\System32\IMM32.DLL
0x00007ffb4c8f0000 - 0x00007ffb4c98b000 	C:\Program Files\Java\jdk-11.0.10\bin\msvcp140.dll
0x00007ffae2f10000 - 0x00007ffae3a0b000 	C:\Program Files\Java\jdk-11.0.10\bin\server\jvm.dll
0x00007ffb763b0000 - 0x00007ffb763b8000 	C:\WINDOWS\System32\PSAPI.DLL
0x00007ffb64fe0000 - 0x00007ffb64fe9000 	C:\WINDOWS\SYSTEM32\WSOCK32.dll
0x00007ffb601a0000 - 0x00007ffb601c7000 	C:\WINDOWS\SYSTEM32\WINMM.dll
0x00007ffb764d0000 - 0x00007ffb7653b000 	C:\WINDOWS\System32\WS2_32.dll
0x00007ffb72e00000 - 0x00007ffb72e12000 	C:\WINDOWS\SYSTEM32\kernel.appcore.dll
0x00007ffb5f320000 - 0x00007ffb5f330000 	C:\Program Files\Java\jdk-11.0.10\bin\verify.dll
0x00007ffb6e720000 - 0x00007ffb6e904000 	C:\WINDOWS\SYSTEM32\DBGHELP.DLL
0x00007ffb6eab0000 - 0x00007ffb6eadc000 	C:\WINDOWS\SYSTEM32\dbgcore.DLL
0x00007ffb75680000 - 0x00007ffb75702000 	C:\WINDOWS\System32\bcryptPrimitives.dll
0x00007ffb5e4e0000 - 0x00007ffb5e508000 	C:\Program Files\Java\jdk-11.0.10\bin\java.dll
0x00007ffb5ed40000 - 0x00007ffb5ed4a000 	C:\Program Files\Java\jdk-11.0.10\bin\jimage.dll
0x00007ffb72830000 - 0x00007ffb7283e000 	C:\Program Files\Java\jdk-11.0.10\bin\instrument.dll
0x00007ffb5e4c0000 - 0x00007ffb5e4d6000 	C:\Program Files\Java\jdk-11.0.10\bin\zip.dll

dbghelp: loaded successfully - version: 4.0.5 - missing functions: none
symbol engine: initialized successfully - sym options: 0x614 - pdb path: .;C:\Program Files\Java\jdk-11.0.10\bin;C:\WINDOWS\SYSTEM32;C:\Program Files\Avast Software\Avast;C:\WINDOWS\WinSxS\amd64_microsoft.windows.common-controls_6595b64144ccf1df_6.0.19041.1110_none_60b5254171f9507e;C:\Program Files\Java\jdk-11.0.10\bin\server

VM Arguments:
jvm_args: -XX:TieredStopAtLevel=1 -Xverify:none -Dspring.output.ansi.enabled=always -javaagent:C:\Program Files\JetBrains\IntelliJ IDEA 2020.3\lib\idea_rt.jar=50290:C:\Program Files\JetBrains\IntelliJ IDEA 2020.3\bin -Dcom.sun.management.jmxremote -Dspring.jmx.enabled=true -Dspring.liveBeansView.mbeanDomain -Dspring.application.admin.enabled=true -Dfile.encoding=UTF-8 
java_command: com.id.gateway.GatewayApplication
java_class_path (initial): D:\developement\gateway\target\classes;C:\Users\khalifa saidi\.m2\repository\org\springframework\boot\spring-boot-starter-actuator\2.7.4\spring-boot-starter-actuator-2.7.4.jar;C:\Users\khalifa saidi\.m2\repository\org\springframework\boot\spring-boot-starter\2.7.4\spring-boot-starter-2.7.4.jar;C:\Users\khalifa saidi\.m2\repository\org\springframework\boot\spring-boot\2.7.4\spring-boot-2.7.4.jar;C:\Users\khalifa saidi\.m2\repository\org\springframework\spring-context\5.3.23\spring-context-5.3.23.jar;C:\Users\khalifa saidi\.m2\repository\org\springframework\spring-aop\5.3.23\spring-aop-5.3.23.jar;C:\Users\khalifa saidi\.m2\repository\org\springframework\spring-expression\5.3.23\spring-expression-5.3.23.jar;C:\Users\khalifa saidi\.m2\repository\org\springframework\boot\spring-boot-autoconfigure\2.7.4\spring-boot-autoconfigure-2.7.4.jar;C:\Users\khalifa saidi\.m2\repository\org\springframework\boot\spring-boot-starter-logging\2.7.4\spring-boot-starter-logging-2.7.4.jar;C:\Users\khalifa saidi\.m2\repository\ch\qos\logback\logback-classic\1.2.11\logback-classic-1.2.11.jar;C:\Users\khalifa saidi\.m2\repository\ch\qos\logback\logback-core\1.2.11\logback-core-1.2.11.jar;C:\Users\khalifa saidi\.m2\repository\org\apache\logging\log4j\log4j-to-slf4j\2.17.2\log4j-to-slf4j-2.17.2.jar;C:\Users\khalifa saidi\.m2\repository\org\apache\logging\log4j\log4j-api\2.17.2\log4j-api-2.17.2.jar;C:\Users\khalifa saidi\.m2\repository\org\slf4j\jul-to-slf4j\1.7.36\jul-to-slf4j-1.7.36.jar;C:\Users\khalifa saidi\.m2\repository\jakarta\annotation\jakarta.annotation-api\1.3.5\jakarta.annotation-api-1.3.5.jar;C:\Users\khalifa saidi\.m2\repository\org\yaml\snakeyaml\1.30\snakeyaml-1.30.jar;C:\Users\khalifa saidi\.m2\repository\org\springframework\boot\spring-boot-actuator-autoconfigure\2.7.4\spring-boot-actuator-autoconfigure-2.7.4.jar;C:\Users\khalifa saidi\.m2\repository\org\springframework\boot\spring-boot-actuator\2.7.4\spring-boot-actuator-2.7.4.jar;C:\Users\khalifa 
Launcher Type: SUN_STANDARD

[Global flags]
     bool BytecodeVerificationLocal                = false                                     {product} {command line}
     bool BytecodeVerificationRemote               = false                                     {product} {command line}
     intx CICompilerCount                          = 4                                         {product} {ergonomic}
     uint ConcGCThreads                            = 2                                         {product} {ergonomic}
     uint G1ConcRefinementThreads                  = 8                                         {product} {ergonomic}
   size_t G1HeapRegionSize                         = 1048576                                   {product} {ergonomic}
    uintx GCDrainStackTargetSize                   = 64                                        {product} {ergonomic}
   size_t InitialHeapSize                          = 268435456                                 {product} {ergonomic}
     bool ManagementServer                         = true                                      {product} {command line}
   size_t MarkStackSize                            = 4194304                                   {product} {ergonomic}
   size_t MaxHeapSize                              = 4263510016                                {product} {ergonomic}
   size_t MinHeapDeltaBytes                        = 1048576                                   {product} {ergonomic}
    uintx NonNMethodCodeHeapSize                   = 7549744                                {pd product} {ergonomic}
    uintx NonProfiledCodeHeapSize                  = 244108496                              {pd product} {ergonomic}
    uintx ProfiledCodeHeapSize                     = 0                                      {pd product} {ergonomic}
    uintx ReservedCodeCacheSize                    = 251658240                              {pd product} {ergonomic}
     bool SegmentedCodeCache                       = true                                      {product} {ergonomic}
     intx TieredStopAtLevel                        = 1                                         {product} {command line}
     bool UseCompressedClassPointers               = true                                 {lp64_product} {ergonomic}
     bool UseCompressedOops                        = true                                 {lp64_product} {ergonomic}
     bool UseG1GC                                  = true                                      {product} {ergonomic}
     bool UseLargePagesIndividualAllocation        = false                                  {pd product} {ergonomic}

Logging:
Log output configuration:
 #0: stdout all=warning uptime,level,tags
 #1: stderr all=off uptime,level,tags

Environment Variables:
PATH=C:\Program Files\Common Files\Oracle\Java\javapath;C:\DevSuiteHome_1\jdk\jre\bin\classic;C:\DevSuiteHome_1\jdk\jre\bin;C:\DevSuiteHome_1\jdk\jre\bin\client;C:\DevSuiteHome_1\jlib;C:\DevSuiteHome_1\bin;C:\DevSuiteHome_1\jre\1.4.2\bin\client;C:\DevSuiteHome_1\jre\1.4.2\bin;C:\Program Files (x86)\Common Files\Oracle\Java\javapath;C:\WINDOWS\system32;C:\WINDOWS;C:\WINDOWS\System32\Wbem;C:\WINDOWS\System32\WindowsPowerShell\v1.0\;C:\WINDOWS\System32\OpenSSH\;C:\Program Files\Java\jdk1.8.0_261\bin;C:\Program Files\apache-maven-3.6.3\bin;C:\Program Files\MySQL\MySQL Router 8.0\bin;C:\Program Files\MySQL\MySQL Server 8.0\bin;C:\Program Files\MySQL\MySQL Shell 8.0\bin;C:\Program Files\Git\cmd;C:\Program Files\nodejs\;C:\Program Files\dotnet\;C:\Program Files\Docker\Docker\resources\bin;C:\ProgramData\DockerDesktop\version-bin;F:\Python\Scripts\;F:\Python\;C:\Program Files\MySQL\MySQL Shell 8.0\bin\;C:\Users\khalifa saidi\AppData\Local\Microsoft\WindowsApps;C:\Program Files\JetBrains\IntelliJ IDEA 2020.3\bin;C:\Users\khalifa saidi\AppData\Local\Programs\Microsoft VS Code\bin;C:\Users\khalifa saidi\AppData\Local\atom\bin;C:\Users\khalifa saidi\AppData\Local\Programs\Hyper\resources\bin;C:\Users\khalifa saidi\AppData\Roaming\npm
USERNAME=khalifa saidi
OS=Windows_NT
PROCESSOR_IDENTIFIER=Intel64 Family 6 Model 158 Stepping 9, GenuineIntel



---------------  S Y S T E M  ---------------

OS: Windows 10 , 64 bit Build 19041 (10.0.19041.1889)
Hyper-V role detected

CPU:total 8 (initial active 8) (4 cores per cpu, 2 threads per core) family 6 model 158 stepping 9 microcode 0xb4, cmov, cx8, fxsr, mmx, sse, sse2, sse3, ssse3, sse4.1, sse4.2, popcnt, avx, avx2, aes, clmul, erms, rtm, 3dnowpref, lzcnt, ht, tsc, tscinvbit, bmi1, bmi2, adx, fma

Memory: 4k page, system-wide physical 16263M (2431M free)
TotalPageFile size 19263M (AvailPageFile size 253M)
current process WorkingSet (physical memory assigned to process): 10M, peak: 10M
current process commit charge ("private bytes"): 58M, peak: 314M

vm_info: Java HotSpot(TM) 64-Bit Server VM (11.0.10+8-LTS-162) for windows-amd64 JRE (11.0.10+8-LTS-162), built on Dec  8 2020 16:32:57 by "mach5one" with MS VC++ 15.9 (VS2017)

END.
